#
# There is insufficient memory for the Java Runtime Environment to continue.
# Cannot create worker GC thread. Out of system resources.
# Possible reasons:
#   The system is out of physical RAM or swap space
#   The process is running with CompressedOops enabled, and the Java Heap may be blocking the growth of the native heap
# Possible solutions:
#   Reduce memory load on the system
#   Increase physical memory or swap space
#   Check if swap backing store is full
#   Decrease Java heap size (-Xmx/-Xms)
#   Decrease number of Java threads
#   Decrease Java thread stack sizes (-Xss)
#   Set larger code cache with -XX:ReservedCodeCacheSize=
#   JVM is running with Zero Based Compressed Oops mode in which the Java heap is
#     placed in the first 32GB address space. The Java Heap base address is the
#     maximum limit for the native heap growth. Please use -XX:HeapBaseMinAddress
#     to set the Java Heap base and to place the Java Heap above 32GB virtual address.
# This output file may be truncated or incomplete.
#
#  Out of Memory Error (workerManager.hpp:87), pid=58295, tid=58298
#
# JRE version:  (17.0.4+8) (build )
# Java VM: OpenJDK 64-Bit Server VM (17.0.4+8-Ubuntu-122.04, mixed mode, sharing, tiered, compressed oops, compressed class ptrs, g1 gc, linux-amd64)
# No core dump will be written. Core dumps have been disabled. To enable core dumping, try "ulimit -c unlimited" before starting Java again
#

---------------  S U M M A R Y ------------

Command Line: -Xms5G -Xmx7G /home/minecraft/paper.jar --nogui

Host: Intel(R) Xeon(R) CPU E5-2680 v3 @ 2.50GHz, 6 cores, 16G, Ubuntu 22.04.1 LTS
Time: Sat Nov  5 05:00:01 2022 CET elapsed time: 0.034418 seconds (0d 0h 0m 0s)

---------------  T H R E A D  ---------------

Current thread (0x00007f6608012610):  JavaThread "Unknown thread" [_thread_in_vm, id=58298, stack(0x00007f660d67b000,0x00007f660d77b000)]

Stack: [0x00007f660d67b000,0x00007f660d77b000],  sp=0x00007f660d778db0,  free space=1015k
Native frames: (J=compiled Java code, j=interpreted, Vv=VM code, C=native code)
V  [libjvm.so+0xd2c01d]
V  [libjvm.so+0x5686fc]
V  [libjvm.so+0xd519e3]
V  [libjvm.so+0x5fe56d]
V  [libjvm.so+0xcf79f8]
V  [libjvm.so+0x7762df]
V  [libjvm.so+0x818606]  JNI_CreateJavaVM+0xeb6
C  [libjli.so+0x4b4f]
C  [libjli.so+0x5c6d]


---------------  P R O C E S S  ---------------

Threads class SMR info:
_java_thread_list=0x00007f660ecaf1e0, length=0, elements={
}

Java Threads: ( => current thread )

Other Threads:
  0x00007f660803f3a0 GCTaskThread "GC Thread#0" [stack: 0x00007f65e1624000,0x00007f65e1724000] [id=58299]

[error occurred during error reporting (printing all threads), id 0xb, SIGSEGV (0xb) at pc=0x00007f660e09c9e3]

VM state: not at safepoint (not fully initialized)

VM Mutex/Monitor currently owned by a thread:  ([mutex/lock_event])
[0x00007f660800ff00] Heap_lock - owner thread: 0x00007f6608012610

Heap address: 0x0000000640000000, size: 7168 MB, Compressed Oops mode: Zero based, Oop shift amount: 3

CDS archive(s) mapped at: [0x0000000000000000-0x0000000000000000-0x0000000000000000), size 0, SharedBaseAddress: 0x0000000800000000, ArchiveRelocationMode: 0.
Narrow klass base: 0x0000000000000000, Narrow klass shift: 0, Narrow klass range: 0x0

GC Precious Log:
<Empty>

Heap:
 garbage-first heap   total 0K, used 0K [0x0000000640000000, 0x0000000800000000)
  region size 4096K, 0 young (0K), 0 survivors (0K)

[error occurred during error reporting (printing heap information), id 0xb, SIGSEGV (0xb) at pc=0x00007f660e4f12b3]

GC Heap History (0 events):
No events

Deoptimization events (0 events):
No events

Classes unloaded (0 events):
No events

Classes redefined (0 events):
No events

Internal exceptions (0 events):
No events

VM Operations (0 events):
No events

Events (3 events):
Event: 0.014 Protecting memory [0x00007f660d67b000,0x00007f660d67f000] with protection modes 0
Event: 0.024 Loaded shared library /usr/lib/jvm/java-17-openjdk-amd64/lib/libjava.so
Event: 0.024 Loaded shared library /usr/lib/jvm/java-17-openjdk-amd64/lib/libzip.so


Dynamic libraries:
640000000-800000000 ---p 00000000 00:00 0 
55f8df402000-55f8df403000 r--p 00000000 b6:28341 4327275                 /usr/lib/jvm/java-17-openjdk-amd64/bin/java
55f8df403000-55f8df404000 r-xp 00001000 b6:28341 4327275                 /usr/lib/jvm/java-17-openjdk-amd64/bin/java
55f8df404000-55f8df405000 r--p 00002000 b6:28341 4327275                 /usr/lib/jvm/java-17-openjdk-amd64/bin/java
55f8df405000-55f8df406000 r--p 00002000 b6:28341 4327275                 /usr/lib/jvm/java-17-openjdk-amd64/bin/java
55f8df406000-55f8df407000 rw-p 00003000 b6:28341 4327275                 /usr/lib/jvm/java-17-openjdk-amd64/bin/java
55f8e0be0000-55f8e0c01000 rw-p 00000000 00:00 0                          [heap]
7f65dc000000-7f65dc021000 rw-p 00000000 00:00 0 
7f65dc021000-7f65e0000000 ---p 00000000 00:00 0 
7f65e1520000-7f65e1521000 ---p 00000000 00:00 0 
7f65e1521000-7f65e1622000 rw-p 00000000 00:00 0 
7f65e1622000-7f65e1623000 ---p 00000000 00:00 0 
7f65e1623000-7f65e17d1000 rw-p 00000000 00:00 0 
7f65e17d1000-7f65f13d1000 ---p 00000000 00:00 0 
7f65f13d1000-7f65f1641000 rwxp 00000000 00:00 0 
7f65f1641000-7f65f1962000 ---p 00000000 00:00 0 
7f65f1962000-7f65f1bd2000 rwxp 00000000 00:00 0 
7f65f1bd2000-7f65f8e99000 ---p 00000000 00:00 0 
7f65f8e99000-7f65f9109000 rwxp 00000000 00:00 0 
7f65f9109000-7f66003d1000 ---p 00000000 00:00 0 
7f66003d1000-7f6608000000 r--s 00000000 b6:28341 24118813                /usr/lib/jvm/java-17-openjdk-amd64/lib/modules
7f6608000000-7f6608059000 rw-p 00000000 00:00 0 
7f6608059000-7f660c000000 ---p 00000000 00:00 0 
7f660c01e000-7f660ce1e000 ---p 00000000 00:00 0 
7f660ce1e000-7f660d462000 rw-p 00000000 00:00 0 
7f660d462000-7f660d548000 ---p 00000000 00:00 0 
7f660d548000-7f660d54d000 rw-p 00000000 00:00 0 
7f660d54d000-7f660d633000 ---p 00000000 00:00 0 
7f660d633000-7f660d638000 rw-p 00000000 00:00 0 
7f660d638000-7f660d63f000 ---p 00000000 00:00 0 
7f660d63f000-7f660d641000 r--s 0000c000 b6:28341 977                     /usr/share/java/java-atk-wrapper.jar
7f660d641000-7f660d643000 r--p 00000000 b6:28341 24118812                /usr/lib/jvm/java-17-openjdk-amd64/lib/libzip.so
7f660d643000-7f660d647000 r-xp 00002000 b6:28341 24118812                /usr/lib/jvm/java-17-openjdk-amd64/lib/libzip.so
7f660d647000-7f660d649000 r--p 00006000 b6:28341 24118812                /usr/lib/jvm/java-17-openjdk-amd64/lib/libzip.so
7f660d649000-7f660d64a000 r--p 00007000 b6:28341 24118812                /usr/lib/jvm/java-17-openjdk-amd64/lib/libzip.so
7f660d64a000-7f660d64b000 rw-p 00008000 b6:28341 24118812                /usr/lib/jvm/java-17-openjdk-amd64/lib/libzip.so
7f660d64b000-7f660d657000 r--p 00000000 b6:28341 24118789                /usr/lib/jvm/java-17-openjdk-amd64/lib/libjava.so
7f660d657000-7f660d66a000 r-xp 0000c000 b6:28341 24118789                /usr/lib/jvm/java-17-openjdk-amd64/lib/libjava.so
7f660d66a000-7f660d66f000 r--p 0001f000 b6:28341 24118789                /usr/lib/jvm/java-17-openjdk-amd64/lib/libjava.so
7f660d66f000-7f660d670000 ---p 00024000 b6:28341 24118789                /usr/lib/jvm/java-17-openjdk-amd64/lib/libjava.so
7f660d670000-7f660d671000 r--p 00024000 b6:28341 24118789                /usr/lib/jvm/java-17-openjdk-amd64/lib/libjava.so
7f660d671000-7f660d672000 rw-p 00025000 b6:28341 24118789                /usr/lib/jvm/java-17-openjdk-amd64/lib/libjava.so
7f660d672000-7f660d673000 rw-p 00000000 00:00 0 
7f660d673000-7f660d67b000 rw-s 00000000 b6:28341 3802598                 /tmp/hsperfdata_minecraft/58295 (deleted)
7f660d67b000-7f660d67f000 ---p 00000000 00:00 0 
7f660d67f000-7f660d77b000 rw-p 00000000 00:00 0 
7f660d77b000-7f660d77e000 r--p 00000000 b6:28341 479                     /lib/x86_64-linux-gnu/libgcc_s.so.1
7f660d77e000-7f660d795000 r-xp 00003000 b6:28341 479                     /lib/x86_64-linux-gnu/libgcc_s.so.1
7f660d795000-7f660d799000 r--p 0001a000 b6:28341 479                     /lib/x86_64-linux-gnu/libgcc_s.so.1
7f660d799000-7f660d79a000 r--p 0001d000 b6:28341 479                     /lib/x86_64-linux-gnu/libgcc_s.so.1
7f660d79a000-7f660d79b000 rw-p 0001e000 b6:28341 479                     /lib/x86_64-linux-gnu/libgcc_s.so.1
7f660d79b000-7f660d7a9000 r--p 00000000 b6:28341 3789                    /lib/x86_64-linux-gnu/libm.so.6
7f660d7a9000-7f660d825000 r-xp 0000e000 b6:28341 3789                    /lib/x86_64-linux-gnu/libm.so.6
7f660d825000-7f660d880000 r--p 0008a000 b6:28341 3789                    /lib/x86_64-linux-gnu/libm.so.6
7f660d880000-7f660d881000 r--p 000e4000 b6:28341 3789                    /lib/x86_64-linux-gnu/libm.so.6
7f660d881000-7f660d882000 rw-p 000e5000 b6:28341 3789                    /lib/x86_64-linux-gnu/libm.so.6
7f660d882000-7f660d91c000 r--p 00000000 b6:28341 526033                  /usr/lib/x86_64-linux-gnu/libstdc++.so.6.0.30
7f660d91c000-7f660da2c000 r-xp 0009a000 b6:28341 526033                  /usr/lib/x86_64-linux-gnu/libstdc++.so.6.0.30
7f660da2c000-7f660da9b000 r--p 001aa000 b6:28341 526033                  /usr/lib/x86_64-linux-gnu/libstdc++.so.6.0.30
7f660da9b000-7f660daa6000 r--p 00218000 b6:28341 526033                  /usr/lib/x86_64-linux-gnu/libstdc++.so.6.0.30
7f660daa6000-7f660daa9000 rw-p 00223000 b6:28341 526033                  /usr/lib/x86_64-linux-gnu/libstdc++.so.6.0.30
7f660daa9000-7f660daac000 rw-p 00000000 00:00 0 
7f660daac000-7f660dce3000 r--p 00000000 b6:28341 24118817                /usr/lib/jvm/java-17-openjdk-amd64/lib/server/libjvm.so
7f660dce3000-7f660ea0b000 r-xp 00237000 b6:28341 24118817                /usr/lib/jvm/java-17-openjdk-amd64/lib/server/libjvm.so
7f660ea0b000-7f660ebbc000 r--p 00f5f000 b6:28341 24118817                /usr/lib/jvm/java-17-openjdk-amd64/lib/server/libjvm.so
7f660ebbc000-7f660ec72000 r--p 0110f000 b6:28341 24118817                /usr/lib/jvm/java-17-openjdk-amd64/lib/server/libjvm.so
7f660ec72000-7f660ec9e000 rw-p 011c5000 b6:28341 24118817                /usr/lib/jvm/java-17-openjdk-amd64/lib/server/libjvm.so
7f660ec9e000-7f660ecfb000 rw-p 00000000 00:00 0 
7f660ecfb000-7f660ecfd000 r--p 00000000 b6:28341 158                     /lib/x86_64-linux-gnu/libz.so.1.2.11
7f660ecfd000-7f660ed0e000 r-xp 00002000 b6:28341 158                     /lib/x86_64-linux-gnu/libz.so.1.2.11
7f660ed0e000-7f660ed14000 r--p 00013000 b6:28341 158                     /lib/x86_64-linux-gnu/libz.so.1.2.11
7f660ed14000-7f660ed15000 ---p 00019000 b6:28341 158                     /lib/x86_64-linux-gnu/libz.so.1.2.11
7f660ed15000-7f660ed16000 r--p 00019000 b6:28341 158                     /lib/x86_64-linux-gnu/libz.so.1.2.11
7f660ed16000-7f660ed17000 rw-p 0001a000 b6:28341 158                     /lib/x86_64-linux-gnu/libz.so.1.2.11
7f660ed17000-7f660ed3f000 r--p 00000000 b6:28341 3786                    /lib/x86_64-linux-gnu/libc.so.6
7f660ed3f000-7f660eed4000 r-xp 00028000 b6:28341 3786                    /lib/x86_64-linux-gnu/libc.so.6
7f660eed4000-7f660ef2c000 r--p 001bd000 b6:28341 3786                    /lib/x86_64-linux-gnu/libc.so.6
7f660ef2c000-7f660ef30000 r--p 00214000 b6:28341 3786                    /lib/x86_64-linux-gnu/libc.so.6
7f660ef30000-7f660ef32000 rw-p 00218000 b6:28341 3786                    /lib/x86_64-linux-gnu/libc.so.6
7f660ef32000-7f660ef3f000 rw-p 00000000 00:00 0 
7f660ef40000-7f660ef41000 ---p 00000000 00:00 0 
7f660ef41000-7f660ef42000 r--p 00000000 00:00 0 
7f660ef42000-7f660ef44000 r--p 00000000 b6:28341 24118793                /usr/lib/jvm/java-17-openjdk-amd64/lib/libjimage.so
7f660ef44000-7f660ef46000 r-xp 00002000 b6:28341 24118793                /usr/lib/jvm/java-17-openjdk-amd64/lib/libjimage.so
7f660ef46000-7f660ef47000 r--p 00004000 b6:28341 24118793                /usr/lib/jvm/java-17-openjdk-amd64/lib/libjimage.so
7f660ef47000-7f660ef48000 r--p 00004000 b6:28341 24118793                /usr/lib/jvm/java-17-openjdk-amd64/lib/libjimage.so
7f660ef48000-7f660ef49000 rw-p 00005000 b6:28341 24118793                /usr/lib/jvm/java-17-openjdk-amd64/lib/libjimage.so
7f660ef49000-7f660ef4b000 r--p 00000000 b6:28341 24118794                /usr/lib/jvm/java-17-openjdk-amd64/lib/libjli.so
7f660ef4b000-7f660ef55000 r-xp 00002000 b6:28341 24118794                /usr/lib/jvm/java-17-openjdk-amd64/lib/libjli.so
7f660ef55000-7f660ef58000 r--p 0000c000 b6:28341 24118794                /usr/lib/jvm/java-17-openjdk-amd64/lib/libjli.so
7f660ef58000-7f660ef59000 r--p 0000e000 b6:28341 24118794                /usr/lib/jvm/java-17-openjdk-amd64/lib/libjli.so
7f660ef59000-7f660ef5a000 rw-p 0000f000 b6:28341 24118794                /usr/lib/jvm/java-17-openjdk-amd64/lib/libjli.so
7f660ef5a000-7f660ef5c000 rw-p 00000000 00:00 0 
7f660ef5c000-7f660ef5e000 r--p 00000000 b6:28341 21                      /lib/x86_64-linux-gnu/ld-linux-x86-64.so.2
7f660ef5e000-7f660ef88000 r-xp 00002000 b6:28341 21                      /lib/x86_64-linux-gnu/ld-linux-x86-64.so.2
7f660ef88000-7f660ef93000 r--p 0002c000 b6:28341 21                      /lib/x86_64-linux-gnu/ld-linux-x86-64.so.2
7f660ef93000-7f660ef94000 ---p 00000000 00:00 0 
7f660ef94000-7f660ef96000 r--p 00037000 b6:28341 21                      /lib/x86_64-linux-gnu/ld-linux-x86-64.so.2
7f660ef96000-7f660ef98000 rw-p 00039000 b6:28341 21                      /lib/x86_64-linux-gnu/ld-linux-x86-64.so.2
7fffbe3df000-7fffbe400000 rw-p 00000000 00:00 0                          [stack]
7fffbe55a000-7fffbe55c000 r-xp 00000000 00:00 0                          [vdso]
ffffffffff600000-ffffffffff601000 r-xp 00000000 00:00 0                  [vsyscall]


VM Arguments:
jvm_args: -Xms5G -Xmx7G 
java_command: /home/minecraft/paper.jar --nogui
java_class_path (initial): /home/minecraft/paper.jar
Launcher Type: SUN_STANDARD

[Global flags]
     intx CICompilerCount                          = 3                                         {product} {ergonomic}
     uint ConcGCThreads                            = 2                                         {product} {ergonomic}
     uint G1ConcRefinementThreads                  = 6                                         {product} {ergonomic}
   size_t G1HeapRegionSize                         = 4194304                                   {product} {ergonomic}
    uintx GCDrainStackTargetSize                   = 64                                        {product} {ergonomic}
   size_t InitialHeapSize                          = 5368709120                                {product} {command line}
   size_t MarkStackSize                            = 4194304                                   {product} {ergonomic}
   size_t MaxHeapSize                              = 7516192768                                {product} {command line}
   size_t MinHeapDeltaBytes                        = 4194304                                   {product} {ergonomic}
   size_t MinHeapSize                              = 5368709120                                {product} {command line}
    uintx NonNMethodCodeHeapSize                   = 5832780                                {pd product} {ergonomic}
    uintx NonProfiledCodeHeapSize                  = 122912730                              {pd product} {ergonomic}
    uintx ProfiledCodeHeapSize                     = 122912730                              {pd product} {ergonomic}
    uintx ReservedCodeCacheSize                    = 251658240                              {pd product} {ergonomic}
     bool SegmentedCodeCache                       = true                                      {product} {ergonomic}
   size_t SoftMaxHeapSize                          = 7516192768                             {manageable} {ergonomic}
     bool UseCompressedClassPointers               = true                           {product lp64_product} {ergonomic}
     bool UseCompressedOops                        = true                           {product lp64_product} {ergonomic}
     bool UseG1GC                                  = true                                      {product} {ergonomic}

Logging:
Log output configuration:
 #0: stdout all=warning uptime,level,tags
 #1: stderr all=off uptime,level,tags

Environment Variables:
PATH=/usr/local/sbin:/usr/local/bin:/usr/sbin:/usr/bin:/sbin:/bin:/usr/games:/usr/local/games:/snap/bin
SHELL=/bin/sh
LANG=de_DE.UTF-8
TERM=screen

Signal Handlers:
   SIGSEGV: 0x00007f660e7c3410 in libjvm.so+13726736, mask=11100100010111111101111111111110, flags=SA_RESTART|SA_SIGINFO
    SIGBUS: 0x00007f660e7c3410 in libjvm.so+13726736, mask=11100100010111111101111111111110, flags=SA_RESTART|SA_SIGINFO
    SIGFPE: 0x00007f660e7c3410 in libjvm.so+13726736, mask=11100100010111111101111111111110, flags=SA_RESTART|SA_SIGINFO
   SIGPIPE: 0x00007f660e6baa30 in libjvm.so+12642864, mask=11100100010111111101111111111110, flags=SA_RESTART|SA_SIGINFO
   SIGXFSZ: 0x00007f660e6baa30 in libjvm.so+12642864, mask=11100100010111111101111111111110, flags=SA_RESTART|SA_SIGINFO
    SIGILL: 0x00007f660e7c3410 in libjvm.so+13726736, mask=11100100010111111101111111111110, flags=SA_RESTART|SA_SIGINFO
   SIGUSR2: 0x00007f660e6b2bd0 in libjvm.so+12610512, mask=00000000000000000000000000000000, flags=SA_RESTART|SA_SIGINFO
    SIGHUP: SIG_DFL, mask=00000000000000000000000000000000, flags=none
    SIGINT: SIG_DFL, mask=00000000000000000000000000000000, flags=none
   SIGTERM: SIG_DFL, mask=00000000000000000000000000000000, flags=none
   SIGQUIT: 0x00007f660e6baa30 in libjvm.so+12642864, mask=11100100010111111101111111111110, flags=SA_RESTART|SA_SIGINFO
   SIGTRAP: 0x00007f660e7c3410 in libjvm.so+13726736, mask=11100100010111111101111111111110, flags=SA_RESTART|SA_SIGINFO


---------------  S Y S T E M  ---------------

OS:
DISTRIB_ID=Ubuntu
DISTRIB_RELEASE=22.04
DISTRIB_CODENAME=jammy
DISTRIB_DESCRIPTION="Ubuntu 22.04.1 LTS"
uname: Linux 4.15.0 #1 SMP Thu Apr 22 16:18:59 MSK 2021 x86_64
OS uptime: 1 days 0:59 hours
libc: glibc 2.35 NPTL 2.35 
rlimit (soft/hard): STACK 8192k/infinity , CORE 0k/infinity , NPROC 62987/62987 , NOFILE 1048576/1048576 , AS infinity/infinity , CPU infinity/infinity , DATA infinity/infinity , FSIZE infinity/infinity , MEMLOCK 2097152k/2097152k
load average: 0.00 0.00 0.00

/proc/meminfo:
MemTotal:       16777216 kB
MemFree:         8816844 kB
MemAvailable:   10240712 kB
Cached:          1122360 kB
Buffers:               0 kB
Active:          6410332 kB
Inactive:        1098612 kB
Active(anon):    5613204 kB
Inactive(anon):   802560 kB
Active(file):     797128 kB
Inactive(file):   296052 kB
Unevictable:           0 kB
Mlocked:               0 kB
SwapTotal:             0 kB
SwapFree:              0 kB
Dirty:               724 kB
Writeback:             0 kB
AnonPages:       6415764 kB
Shmem:             29176 kB
Slab:             382116 kB
SReclaimable:     330688 kB
SUnreclaim:        51428 kB

/sys/kernel/mm/transparent_hugepage/enabled: <Not Available>
/sys/kernel/mm/transparent_hugepage/defrag (defrag/compaction efforts parameter): <Not Available>

Process Memory:
Virtual Size: 8153736K (peak: 8218240K)
Resident Set Size: 14800K (peak: 14800K) (anon: 2020K, file: 12780K, shmem: 0K)
Swapped out: 0K
C-Heap outstanding allocations: 7083K, retained: 180K
glibc malloc tunables: (default)

/proc/sys/kernel/threads-max (system-wide limit on the number of threads): 3090220
/proc/sys/vm/max_map_count (maximum number of memory map areas a process may have): 65530
/proc/sys/kernel/pid_max (system-wide limit on number of process identifiers): 4194304

container (cgroup) information:
container_type: cgroupv1
cpu_cpuset_cpus: 0-23
cpu_memory_nodes: 0-1
active_processor_count: 6
cpu_quota: no quota
cpu_period: 100000
cpu_shares: no shares
memory_limit_in_bytes: 16777216 k
memory_and_swap_limit_in_bytes: 16777216 k
memory_soft_limit_in_bytes: unlimited
memory_usage_in_bytes: 7008656 k
memory_max_usage_in_bytes: 7106268 k
maximum number of tasks: 105
current number of tasks: 105

Steal ticks since vm start: 0
Steal ticks percentage since vm start:  0.000

CPU: total 6 (initial active 6) (12 cores per cpu, 2 threads per core) family 6 model 63 stepping 2 microcode 0x49, cx8, cmov, fxsr, ht, mmx, sse, sse2, sse3, ssse3, sse4.1, sse4.2, popcnt, lzcnt, tsc, tscinvbit, avx, avx2, aes, erms, clmul, bmi1, bmi2, fma, vzeroupper, clflush
CPU Model and flags from /proc/cpuinfo:
model name	: Intel(R) Xeon(R) CPU E5-2680 v3 @ 2.50GHz
flags		: fpu vme de pse tsc msr pae mce cx8 apic sep mtrr pge mca cmov pat pse36 clflush dts acpi mmx fxsr sse sse2 ss ht tm pbe syscall nx pdpe1gb rdtscp lm constant_tsc arch_perfmon pebs bts rep_good nopl xtopology nonstop_tsc aperfmperf eagerfpu cpuid_faulting pni pclmulqdq dtes64 monitor ds_cpl vmx smx est tm2 ssse3 sdbg fma cx16 xtpr pdcm pcid dca sse4_1 sse4_2 x2apic movbe popcnt tsc_deadline_timer aes xsave avx f16c rdrand lahf_lm abm epb invpcid_single intel_ppin ssbd ibrs ibpb stibp tpr_shadow vnmi flexpriority ept vpid fsgsbase tsc_adjust bmi1 avx2 smep bmi2 erms invpcid cqm xsaveopt cqm_llc cqm_occup_llc dtherm ida arat pln pts md_clear spec_ctrl intel_stibp flush_l1d

Online cpus: 0-5
Offline cpus: 
BIOS frequency limitation: <Not Available>
Frequency switch latency (ns): <Not Available>
Available cpu frequencies: <Not Available>
Current governor: <Not Available>
Core performance/turbo boost: <Not Available>

Memory: 4k page, physical 16777216k(9768432k free), swap 0k(0k free)
Page Sizes: 4k

vm_info: OpenJDK 64-Bit Server VM (17.0.4+8-Ubuntu-122.04) for linux-amd64 JRE (17.0.4+8-Ubuntu-122.04), built on Jul 22 2022 09:28:48 by "buildd" with gcc 11.2.0

END.
